# Logfile created on 2016-06-11 15:48:26 -0300 by logger.rb/47272
  INFO ---------------------------------------------------------------------------
  INFO START 2016-06-11 15:48:26 -0300 cap production deploy
  INFO ---------------------------------------------------------------------------
  INFO ---------------------------------------------------------------------------
  INFO START 2016-06-11 15:55:38 -0300 cap production deploy
  INFO ---------------------------------------------------------------------------
  INFO [730f5f7e] Running /usr/bin/env mkdir -p /tmp/ectwo_monitoring_tool_sinatra/ as ubuntu@ec2-52-32-165-195.us-west-2.compute.amazonaws.com
 DEBUG [730f5f7e] Command: /usr/bin/env mkdir -p /tmp/ectwo_monitoring_tool_sinatra/
  INFO ---------------------------------------------------------------------------
  INFO START 2016-06-11 15:57:19 -0300 cap production deploy
  INFO ---------------------------------------------------------------------------
  INFO [7ad77fba] Running /usr/bin/env mkdir -p /tmp/ectwo_monitoring_tool_sinatra/ as ubuntu@ec2-52-32-165-195.us-west-2.compute.amazonaws.com
 DEBUG [7ad77fba] Command: /usr/bin/env mkdir -p /tmp/ectwo_monitoring_tool_sinatra/
  INFO ---------------------------------------------------------------------------
  INFO START 2016-06-11 15:57:36 -0300 cap production deploy
  INFO ---------------------------------------------------------------------------
  INFO [0c18d25d] Running /usr/bin/env mkdir -p /tmp/ectwo_monitoring_tool_sinatra/ as ubuntu@ec2-52-32-165-195.us-west-2.compute.amazonaws.com
 DEBUG [0c18d25d] Command: /usr/bin/env mkdir -p /tmp/ectwo_monitoring_tool_sinatra/
  INFO [0c18d25d] Finished in 4.165 seconds with exit status 0 (successful).
 DEBUG Uploading /tmp/ectwo_monitoring_tool_sinatra/git-ssh.sh 0.0%
  INFO Uploading /tmp/ectwo_monitoring_tool_sinatra/git-ssh.sh 100.0%
  INFO [0d3fed2d] Running /usr/bin/env chmod +rx /tmp/ectwo_monitoring_tool_sinatra/git-ssh.sh as ubuntu@ec2-52-32-165-195.us-west-2.compute.amazonaws.com
 DEBUG [0d3fed2d] Command: /usr/bin/env chmod +rx /tmp/ectwo_monitoring_tool_sinatra/git-ssh.sh
  INFO [0d3fed2d] Finished in 0.520 seconds with exit status 0 (successful).
  INFO [ca8b8c3f] Running /usr/bin/env git ls-remote --heads git@github.com:ezekielriva/ectwo_monitoring_tool_sinatra.git as ubuntu@ec2-52-32-165-195.us-west-2.compute.amazonaws.com
 DEBUG [ca8b8c3f] Command: ( export GIT_ASKPASS="/bin/echo" GIT_SSH="/tmp/ectwo_monitoring_tool_sinatra/git-ssh.sh" ; /usr/bin/env git ls-remote --heads git@github.com:ezekielriva/ectwo_monitoring_tool_sinatra.git )
 DEBUG [ca8b8c3f] 	/usr/bin/env: git: No such file or directory
  INFO ---------------------------------------------------------------------------
  INFO START 2016-06-11 15:58:18 -0300 cap production deploy
  INFO ---------------------------------------------------------------------------
  INFO [f7af40b7] Running /usr/bin/env mkdir -p /tmp/ectwo_monitoring_tool_sinatra/ as ubuntu@ec2-52-32-165-195.us-west-2.compute.amazonaws.com
 DEBUG [f7af40b7] Command: /usr/bin/env mkdir -p /tmp/ectwo_monitoring_tool_sinatra/
  INFO [f7af40b7] Finished in 3.855 seconds with exit status 0 (successful).
 DEBUG Uploading /tmp/ectwo_monitoring_tool_sinatra/git-ssh.sh 0.0%
  INFO Uploading /tmp/ectwo_monitoring_tool_sinatra/git-ssh.sh 100.0%
  INFO [dcf24aab] Running /usr/bin/env chmod +rx /tmp/ectwo_monitoring_tool_sinatra/git-ssh.sh as ubuntu@ec2-52-32-165-195.us-west-2.compute.amazonaws.com
 DEBUG [dcf24aab] Command: /usr/bin/env chmod +rx /tmp/ectwo_monitoring_tool_sinatra/git-ssh.sh
  INFO [dcf24aab] Finished in 0.509 seconds with exit status 0 (successful).
  INFO [06d5b86f] Running /usr/bin/env git ls-remote --heads git@github.com:ezekielriva/ectwo_monitoring_tool_sinatra.git as ubuntu@ec2-52-32-165-195.us-west-2.compute.amazonaws.com
 DEBUG [06d5b86f] Command: ( export GIT_ASKPASS="/bin/echo" GIT_SSH="/tmp/ectwo_monitoring_tool_sinatra/git-ssh.sh" ; /usr/bin/env git ls-remote --heads git@github.com:ezekielriva/ectwo_monitoring_tool_sinatra.git )
 DEBUG [06d5b86f] 	Warning: Permanently added 'github.com,192.30.252.129' (RSA) to the list of known hosts.
 DEBUG [06d5b86f] 	Permission denied (publickey).
 DEBUG [06d5b86f] 	fatal: Could not read from remote repository.

Please make sure you have the correct access rights
and the repository exists.
  INFO ---------------------------------------------------------------------------
  INFO START 2016-06-11 16:09:07 -0300 cap production deploy
  INFO ---------------------------------------------------------------------------
  INFO [9cdcf6f5] Running /usr/bin/env mkdir -p /tmp/ectwo_monitoring_tool_sinatra/ as deploy@ec2-52-32-165-195.us-west-2.compute.amazonaws.com
 DEBUG [9cdcf6f5] Command: /usr/bin/env mkdir -p /tmp/ectwo_monitoring_tool_sinatra/
  INFO [9cdcf6f5] Finished in 3.960 seconds with exit status 0 (successful).
 DEBUG Uploading /tmp/ectwo_monitoring_tool_sinatra/git-ssh.sh 0.0%
  INFO ---------------------------------------------------------------------------
  INFO START 2016-06-11 16:10:49 -0300 cap production deploy
  INFO ---------------------------------------------------------------------------
  INFO [01c227c6] Running /usr/bin/env mkdir -p /tmp/ectwo_monitoring_tool_sinatra/ as deploy@ec2-52-32-165-195.us-west-2.compute.amazonaws.com
 DEBUG [01c227c6] Command: /usr/bin/env mkdir -p /tmp/ectwo_monitoring_tool_sinatra/
  INFO [01c227c6] Finished in 3.672 seconds with exit status 0 (successful).
 DEBUG Uploading /tmp/ectwo_monitoring_tool_sinatra/git-ssh.sh 0.0%
  INFO ---------------------------------------------------------------------------
  INFO START 2016-06-11 16:11:25 -0300 cap production deploy
  INFO ---------------------------------------------------------------------------
  INFO [52acdfed] Running /usr/bin/env mkdir -p /tmp/ectwo_monitoring_tool_sinatra/ as deploy@ec2-52-32-165-195.us-west-2.compute.amazonaws.com
 DEBUG [52acdfed] Command: /usr/bin/env mkdir -p /tmp/ectwo_monitoring_tool_sinatra/
  INFO [52acdfed] Finished in 3.328 seconds with exit status 0 (successful).
 DEBUG Uploading /tmp/ectwo_monitoring_tool_sinatra/git-ssh.sh 0.0%
  INFO ---------------------------------------------------------------------------
  INFO START 2016-06-11 16:12:33 -0300 cap production deploy
  INFO ---------------------------------------------------------------------------
  INFO [ee4c7383] Running /usr/bin/env mkdir -p /tmp/ectwo_monitoring_tool_sinatra/ as deploy@ec2-52-32-165-195.us-west-2.compute.amazonaws.com
 DEBUG [ee4c7383] Command: /usr/bin/env mkdir -p /tmp/ectwo_monitoring_tool_sinatra/
  INFO [ee4c7383] Finished in 3.582 seconds with exit status 0 (successful).
 DEBUG Uploading /tmp/ectwo_monitoring_tool_sinatra/git-ssh.sh 0.0%
  INFO Uploading /tmp/ectwo_monitoring_tool_sinatra/git-ssh.sh 100.0%
  INFO [42da8522] Running /usr/bin/env chmod +rx /tmp/ectwo_monitoring_tool_sinatra/git-ssh.sh as deploy@ec2-52-32-165-195.us-west-2.compute.amazonaws.com
 DEBUG [42da8522] Command: /usr/bin/env chmod +rx /tmp/ectwo_monitoring_tool_sinatra/git-ssh.sh
  INFO [42da8522] Finished in 0.513 seconds with exit status 0 (successful).
  INFO [660cace0] Running /usr/bin/env git ls-remote --heads git@github.com:ezekielriva/ectwo_monitoring_tool_sinatra.git as deploy@ec2-52-32-165-195.us-west-2.compute.amazonaws.com
 DEBUG [660cace0] Command: ( export GIT_ASKPASS="/bin/echo" GIT_SSH="/tmp/ectwo_monitoring_tool_sinatra/git-ssh.sh" ; /usr/bin/env git ls-remote --heads git@github.com:ezekielriva/ectwo_monitoring_tool_sinatra.git )
 DEBUG [660cace0] 	Warning: Permanently added 'github.com,192.30.252.122' (RSA) to the list of known hosts.
 DEBUG [660cace0] 	c9a0162a2af1b835780cb11bad8c7b2a29483990	refs/heads/master
  INFO [660cace0] Finished in 2.432 seconds with exit status 0 (successful).
  INFO [8f8883f3] Running /usr/bin/env mkdir -p /var/www/ectwo_monitoring_tool_sinatra/shared /var/www/ectwo_monitoring_tool_sinatra/releases as deploy@ec2-52-32-165-195.us-west-2.compute.amazonaws.com
 DEBUG [8f8883f3] Command: /usr/bin/env mkdir -p /var/www/ectwo_monitoring_tool_sinatra/shared /var/www/ectwo_monitoring_tool_sinatra/releases
 DEBUG [8f8883f3] 	mkdir: cannot create directory '/var/www': Permission denied
mkdir: cannot create directory '/var/www': Permission denied
  INFO ---------------------------------------------------------------------------
  INFO START 2016-06-11 16:13:05 -0300 cap production deploy
  INFO ---------------------------------------------------------------------------
  INFO [6e6902aa] Running /usr/bin/env mkdir -p /tmp/ectwo_monitoring_tool_sinatra/ as deploy@ec2-52-32-165-195.us-west-2.compute.amazonaws.com
 DEBUG [6e6902aa] Command: /usr/bin/env mkdir -p /tmp/ectwo_monitoring_tool_sinatra/
  INFO [6e6902aa] Finished in 3.466 seconds with exit status 0 (successful).
 DEBUG Uploading /tmp/ectwo_monitoring_tool_sinatra/git-ssh.sh 0.0%
  INFO Uploading /tmp/ectwo_monitoring_tool_sinatra/git-ssh.sh 100.0%
  INFO [4fc92e44] Running /usr/bin/env chmod +rx /tmp/ectwo_monitoring_tool_sinatra/git-ssh.sh as deploy@ec2-52-32-165-195.us-west-2.compute.amazonaws.com
 DEBUG [4fc92e44] Command: /usr/bin/env chmod +rx /tmp/ectwo_monitoring_tool_sinatra/git-ssh.sh
  INFO [4fc92e44] Finished in 0.522 seconds with exit status 0 (successful).
  INFO [298213a4] Running /usr/bin/env git ls-remote --heads git@github.com:ezekielriva/ectwo_monitoring_tool_sinatra.git as deploy@ec2-52-32-165-195.us-west-2.compute.amazonaws.com
 DEBUG [298213a4] Command: ( export GIT_ASKPASS="/bin/echo" GIT_SSH="/tmp/ectwo_monitoring_tool_sinatra/git-ssh.sh" ; /usr/bin/env git ls-remote --heads git@github.com:ezekielriva/ectwo_monitoring_tool_sinatra.git )
 DEBUG [298213a4] 	c9a0162a2af1b835780cb11bad8c7b2a29483990	refs/heads/master
  INFO [298213a4] Finished in 2.487 seconds with exit status 0 (successful).
  INFO [ddfaedfc] Running /usr/bin/env mkdir -p /var/www/ectwo_monitoring_tool_sinatra/shared /var/www/ectwo_monitoring_tool_sinatra/releases as deploy@ec2-52-32-165-195.us-west-2.compute.amazonaws.com
 DEBUG [ddfaedfc] Command: /usr/bin/env mkdir -p /var/www/ectwo_monitoring_tool_sinatra/shared /var/www/ectwo_monitoring_tool_sinatra/releases
 DEBUG [ddfaedfc] 	mkdir: cannot create directory '/var/www/ectwo_monitoring_tool_sinatra': Permission denied
mkdir: cannot create directory '/var/www/ectwo_monitoring_tool_sinatra': Permission denied
  INFO ---------------------------------------------------------------------------
  INFO START 2016-06-11 16:13:47 -0300 cap production deploy
  INFO ---------------------------------------------------------------------------
  INFO [0500af56] Running /usr/bin/env mkdir -p /tmp/ectwo_monitoring_tool_sinatra/ as deploy@ec2-52-32-165-195.us-west-2.compute.amazonaws.com
 DEBUG [0500af56] Command: /usr/bin/env mkdir -p /tmp/ectwo_monitoring_tool_sinatra/
  INFO [0500af56] Finished in 3.948 seconds with exit status 0 (successful).
 DEBUG Uploading /tmp/ectwo_monitoring_tool_sinatra/git-ssh.sh 0.0%
  INFO Uploading /tmp/ectwo_monitoring_tool_sinatra/git-ssh.sh 100.0%
  INFO [b278fab8] Running /usr/bin/env chmod +rx /tmp/ectwo_monitoring_tool_sinatra/git-ssh.sh as deploy@ec2-52-32-165-195.us-west-2.compute.amazonaws.com
 DEBUG [b278fab8] Command: /usr/bin/env chmod +rx /tmp/ectwo_monitoring_tool_sinatra/git-ssh.sh
  INFO [b278fab8] Finished in 0.515 seconds with exit status 0 (successful).
  INFO [7b65607a] Running /usr/bin/env git ls-remote --heads git@github.com:ezekielriva/ectwo_monitoring_tool_sinatra.git as deploy@ec2-52-32-165-195.us-west-2.compute.amazonaws.com
 DEBUG [7b65607a] Command: ( export GIT_ASKPASS="/bin/echo" GIT_SSH="/tmp/ectwo_monitoring_tool_sinatra/git-ssh.sh" ; /usr/bin/env git ls-remote --heads git@github.com:ezekielriva/ectwo_monitoring_tool_sinatra.git )
 DEBUG [7b65607a] 	Permission denied (publickey).
 DEBUG [7b65607a] 	fatal: Could not read from remote repository.

Please make sure you have the correct access rights
and the repository exists.
  INFO ---------------------------------------------------------------------------
  INFO START 2016-06-11 16:14:05 -0300 cap production deploy
  INFO ---------------------------------------------------------------------------
  INFO [1d0259e2] Running /usr/bin/env mkdir -p /tmp/ectwo_monitoring_tool_sinatra/ as deploy@ec2-52-32-165-195.us-west-2.compute.amazonaws.com
 DEBUG [1d0259e2] Command: /usr/bin/env mkdir -p /tmp/ectwo_monitoring_tool_sinatra/
  INFO [1d0259e2] Finished in 3.350 seconds with exit status 0 (successful).
 DEBUG Uploading /tmp/ectwo_monitoring_tool_sinatra/git-ssh.sh 0.0%
  INFO Uploading /tmp/ectwo_monitoring_tool_sinatra/git-ssh.sh 100.0%
  INFO [0638b33b] Running /usr/bin/env chmod +rx /tmp/ectwo_monitoring_tool_sinatra/git-ssh.sh as deploy@ec2-52-32-165-195.us-west-2.compute.amazonaws.com
 DEBUG [0638b33b] Command: /usr/bin/env chmod +rx /tmp/ectwo_monitoring_tool_sinatra/git-ssh.sh
  INFO [0638b33b] Finished in 0.504 seconds with exit status 0 (successful).
  INFO [eebb0659] Running /usr/bin/env git ls-remote --heads git@github.com:ezekielriva/ectwo_monitoring_tool_sinatra.git as deploy@ec2-52-32-165-195.us-west-2.compute.amazonaws.com
 DEBUG [eebb0659] Command: ( export GIT_ASKPASS="/bin/echo" GIT_SSH="/tmp/ectwo_monitoring_tool_sinatra/git-ssh.sh" ; /usr/bin/env git ls-remote --heads git@github.com:ezekielriva/ectwo_monitoring_tool_sinatra.git )
 DEBUG [eebb0659] 	c9a0162a2af1b835780cb11bad8c7b2a29483990	refs/heads/master
  INFO [eebb0659] Finished in 2.452 seconds with exit status 0 (successful).
  INFO [65cda26b] Running /usr/bin/env mkdir -p /var/www/ectwo_monitoring_tool_sinatra/shared /var/www/ectwo_monitoring_tool_sinatra/releases as deploy@ec2-52-32-165-195.us-west-2.compute.amazonaws.com
 DEBUG [65cda26b] Command: /usr/bin/env mkdir -p /var/www/ectwo_monitoring_tool_sinatra/shared /var/www/ectwo_monitoring_tool_sinatra/releases
 DEBUG [65cda26b] 	mkdir: cannot create directory '/var/www/ectwo_monitoring_tool_sinatra': Permission denied
mkdir: cannot create directory '/var/www/ectwo_monitoring_tool_sinatra': Permission denied
  INFO ---------------------------------------------------------------------------
  INFO START 2016-06-11 16:14:35 -0300 cap production deploy
  INFO ---------------------------------------------------------------------------
  INFO [e4e976ee] Running /usr/bin/env mkdir -p /tmp/ectwo_monitoring_tool_sinatra/ as deploy@ec2-52-32-165-195.us-west-2.compute.amazonaws.com
 DEBUG [e4e976ee] Command: /usr/bin/env mkdir -p /tmp/ectwo_monitoring_tool_sinatra/
  INFO [e4e976ee] Finished in 3.466 seconds with exit status 0 (successful).
 DEBUG Uploading /tmp/ectwo_monitoring_tool_sinatra/git-ssh.sh 0.0%
  INFO Uploading /tmp/ectwo_monitoring_tool_sinatra/git-ssh.sh 100.0%
  INFO [1ac63b65] Running /usr/bin/env chmod +rx /tmp/ectwo_monitoring_tool_sinatra/git-ssh.sh as deploy@ec2-52-32-165-195.us-west-2.compute.amazonaws.com
 DEBUG [1ac63b65] Command: /usr/bin/env chmod +rx /tmp/ectwo_monitoring_tool_sinatra/git-ssh.sh
  INFO [1ac63b65] Finished in 0.525 seconds with exit status 0 (successful).
  INFO [1f540ce5] Running /usr/bin/env git ls-remote --heads git@github.com:ezekielriva/ectwo_monitoring_tool_sinatra.git as deploy@ec2-52-32-165-195.us-west-2.compute.amazonaws.com
 DEBUG [1f540ce5] Command: ( export GIT_ASKPASS="/bin/echo" GIT_SSH="/tmp/ectwo_monitoring_tool_sinatra/git-ssh.sh" ; /usr/bin/env git ls-remote --heads git@github.com:ezekielriva/ectwo_monitoring_tool_sinatra.git )
 DEBUG [1f540ce5] 	c9a0162a2af1b835780cb11bad8c7b2a29483990	refs/heads/master
  INFO [1f540ce5] Finished in 2.611 seconds with exit status 0 (successful).
  INFO [c40fae8c] Running /usr/bin/env mkdir -p /var/www/ectwo_monitoring_tool_sinatra/shared /var/www/ectwo_monitoring_tool_sinatra/releases as deploy@ec2-52-32-165-195.us-west-2.compute.amazonaws.com
 DEBUG [c40fae8c] Command: /usr/bin/env mkdir -p /var/www/ectwo_monitoring_tool_sinatra/shared /var/www/ectwo_monitoring_tool_sinatra/releases
  INFO [c40fae8c] Finished in 0.525 seconds with exit status 0 (successful).
 DEBUG [577ce4c8] Running [ -f /var/www/ectwo_monitoring_tool_sinatra/current/REVISION ] as deploy@ec2-52-32-165-195.us-west-2.compute.amazonaws.com
 DEBUG [577ce4c8] Command: [ -f /var/www/ectwo_monitoring_tool_sinatra/current/REVISION ]
 DEBUG [577ce4c8] Finished in 0.523 seconds with exit status 1 (failed).
 DEBUG [f5e4f103] Running [ -f /var/www/ectwo_monitoring_tool_sinatra/repo/HEAD ] as deploy@ec2-52-32-165-195.us-west-2.compute.amazonaws.com
 DEBUG [f5e4f103] Command: [ -f /var/www/ectwo_monitoring_tool_sinatra/repo/HEAD ]
 DEBUG [f5e4f103] Finished in 0.522 seconds with exit status 1 (failed).
 DEBUG [841bfade] Running if test ! -d /var/www/ectwo_monitoring_tool_sinatra; then echo "Directory does not exist '/var/www/ectwo_monitoring_tool_sinatra'" 1>&2; false; fi as deploy@ec2-52-32-165-195.us-west-2.compute.amazonaws.com
 DEBUG [841bfade] Command: if test ! -d /var/www/ectwo_monitoring_tool_sinatra; then echo "Directory does not exist '/var/www/ectwo_monitoring_tool_sinatra'" 1>&2; false; fi
 DEBUG [841bfade] Finished in 0.524 seconds with exit status 0 (successful).
  INFO [91178222] Running /usr/bin/env git clone --mirror git@github.com:ezekielriva/ectwo_monitoring_tool_sinatra.git /var/www/ectwo_monitoring_tool_sinatra/repo as deploy@ec2-52-32-165-195.us-west-2.compute.amazonaws.com
 DEBUG [91178222] Command: cd /var/www/ectwo_monitoring_tool_sinatra && ( export GIT_ASKPASS="/bin/echo" GIT_SSH="/tmp/ectwo_monitoring_tool_sinatra/git-ssh.sh" ; /usr/bin/env git clone --mirror git@github.com:ezekielriva/ectwo_monitoring_tool_sinatra.git /var/www/ectwo_monitoring_tool_sinatra/repo )
 DEBUG [91178222] 	Cloning into bare repository '/var/www/ectwo_monitoring_tool_sinatra/repo'...
  INFO [91178222] Finished in 2.405 seconds with exit status 0 (successful).
 DEBUG [d9cdf2bf] Running if test ! -d /var/www/ectwo_monitoring_tool_sinatra/repo; then echo "Directory does not exist '/var/www/ectwo_monitoring_tool_sinatra/repo'" 1>&2; false; fi as deploy@ec2-52-32-165-195.us-west-2.compute.amazonaws.com
 DEBUG [d9cdf2bf] Command: if test ! -d /var/www/ectwo_monitoring_tool_sinatra/repo; then echo "Directory does not exist '/var/www/ectwo_monitoring_tool_sinatra/repo'" 1>&2; false; fi
 DEBUG [d9cdf2bf] Finished in 0.522 seconds with exit status 0 (successful).
  INFO [d93e18ff] Running /usr/bin/env git remote update --prune as deploy@ec2-52-32-165-195.us-west-2.compute.amazonaws.com
 DEBUG [d93e18ff] Command: cd /var/www/ectwo_monitoring_tool_sinatra/repo && ( export GIT_ASKPASS="/bin/echo" GIT_SSH="/tmp/ectwo_monitoring_tool_sinatra/git-ssh.sh" ; /usr/bin/env git remote update --prune )
 DEBUG [d93e18ff] 	Fetching origin
  INFO [d93e18ff] Finished in 2.466 seconds with exit status 0 (successful).
 DEBUG [04268b2a] Running if test ! -d /var/www/ectwo_monitoring_tool_sinatra/repo; then echo "Directory does not exist '/var/www/ectwo_monitoring_tool_sinatra/repo'" 1>&2; false; fi as deploy@ec2-52-32-165-195.us-west-2.compute.amazonaws.com
 DEBUG [04268b2a] Command: if test ! -d /var/www/ectwo_monitoring_tool_sinatra/repo; then echo "Directory does not exist '/var/www/ectwo_monitoring_tool_sinatra/repo'" 1>&2; false; fi
 DEBUG [04268b2a] Finished in 0.524 seconds with exit status 0 (successful).
  INFO [3a525655] Running /usr/bin/env mkdir -p /var/www/ectwo_monitoring_tool_sinatra/releases/20160611191444 as deploy@ec2-52-32-165-195.us-west-2.compute.amazonaws.com
 DEBUG [3a525655] Command: cd /var/www/ectwo_monitoring_tool_sinatra/repo && ( export GIT_ASKPASS="/bin/echo" GIT_SSH="/tmp/ectwo_monitoring_tool_sinatra/git-ssh.sh" ; /usr/bin/env mkdir -p /var/www/ectwo_monitoring_tool_sinatra/releases/20160611191444 )
  INFO [3a525655] Finished in 0.524 seconds with exit status 0 (successful).
  INFO [8642dc83] Running /usr/bin/env git archive master | tar -x -f - -C /var/www/ectwo_monitoring_tool_sinatra/releases/20160611191444 as deploy@ec2-52-32-165-195.us-west-2.compute.amazonaws.com
 DEBUG [8642dc83] Command: cd /var/www/ectwo_monitoring_tool_sinatra/repo && ( export GIT_ASKPASS="/bin/echo" GIT_SSH="/tmp/ectwo_monitoring_tool_sinatra/git-ssh.sh" ; /usr/bin/env git archive master | tar -x -f - -C /var/www/ectwo_monitoring_tool_sinatra/releases/20160611191444 )
  INFO [8642dc83] Finished in 0.526 seconds with exit status 0 (successful).
 DEBUG [b1ef0043] Running if test ! -d /var/www/ectwo_monitoring_tool_sinatra/repo; then echo "Directory does not exist '/var/www/ectwo_monitoring_tool_sinatra/repo'" 1>&2; false; fi as deploy@ec2-52-32-165-195.us-west-2.compute.amazonaws.com
 DEBUG [b1ef0043] Command: if test ! -d /var/www/ectwo_monitoring_tool_sinatra/repo; then echo "Directory does not exist '/var/www/ectwo_monitoring_tool_sinatra/repo'" 1>&2; false; fi
 DEBUG [b1ef0043] Finished in 0.523 seconds with exit status 0 (successful).
 DEBUG [a714fc48] Running /usr/bin/env git rev-list --max-count=1 master as deploy@ec2-52-32-165-195.us-west-2.compute.amazonaws.com
 DEBUG [a714fc48] Command: cd /var/www/ectwo_monitoring_tool_sinatra/repo && ( export GIT_ASKPASS="/bin/echo" GIT_SSH="/tmp/ectwo_monitoring_tool_sinatra/git-ssh.sh" ; /usr/bin/env git rev-list --max-count=1 master )
 DEBUG [a714fc48] 	c9a0162a2af1b835780cb11bad8c7b2a29483990
 DEBUG [a714fc48] Finished in 0.527 seconds with exit status 0 (successful).
 DEBUG [aa21e592] Running if test ! -d /var/www/ectwo_monitoring_tool_sinatra/releases/20160611191444; then echo "Directory does not exist '/var/www/ectwo_monitoring_tool_sinatra/releases/20160611191444'" 1>&2; false; fi as deploy@ec2-52-32-165-195.us-west-2.compute.amazonaws.com
 DEBUG [aa21e592] Command: if test ! -d /var/www/ectwo_monitoring_tool_sinatra/releases/20160611191444; then echo "Directory does not exist '/var/www/ectwo_monitoring_tool_sinatra/releases/20160611191444'" 1>&2; false; fi
 DEBUG [aa21e592] Finished in 0.525 seconds with exit status 0 (successful).
  INFO [3af4a5c6] Running /usr/bin/env echo "c9a0162a2af1b835780cb11bad8c7b2a29483990" >> REVISION as deploy@ec2-52-32-165-195.us-west-2.compute.amazonaws.com
 DEBUG [3af4a5c6] Command: cd /var/www/ectwo_monitoring_tool_sinatra/releases/20160611191444 && /usr/bin/env echo "c9a0162a2af1b835780cb11bad8c7b2a29483990" >> REVISION
  INFO [3af4a5c6] Finished in 0.526 seconds with exit status 0 (successful).
  INFO [723527f4] Running /usr/bin/env ln -s /var/www/ectwo_monitoring_tool_sinatra/releases/20160611191444 /var/www/ectwo_monitoring_tool_sinatra/releases/current as deploy@ec2-52-32-165-195.us-west-2.compute.amazonaws.com
 DEBUG [723527f4] Command: /usr/bin/env ln -s /var/www/ectwo_monitoring_tool_sinatra/releases/20160611191444 /var/www/ectwo_monitoring_tool_sinatra/releases/current
  INFO [723527f4] Finished in 0.525 seconds with exit status 0 (successful).
  INFO [994683a0] Running /usr/bin/env mv /var/www/ectwo_monitoring_tool_sinatra/releases/current /var/www/ectwo_monitoring_tool_sinatra as deploy@ec2-52-32-165-195.us-west-2.compute.amazonaws.com
 DEBUG [994683a0] Command: /usr/bin/env mv /var/www/ectwo_monitoring_tool_sinatra/releases/current /var/www/ectwo_monitoring_tool_sinatra
  INFO [994683a0] Finished in 0.527 seconds with exit status 0 (successful).
 DEBUG [efa27228] Running /usr/bin/env ls -xtr /var/www/ectwo_monitoring_tool_sinatra/releases as deploy@ec2-52-32-165-195.us-west-2.compute.amazonaws.com
 DEBUG [efa27228] Command: /usr/bin/env ls -xtr /var/www/ectwo_monitoring_tool_sinatra/releases
 DEBUG [efa27228] 	20160611191444
 DEBUG [efa27228] Finished in 0.523 seconds with exit status 0 (successful).
 DEBUG [c6588215] Running if test ! -d /var/www/ectwo_monitoring_tool_sinatra/releases; then echo "Directory does not exist '/var/www/ectwo_monitoring_tool_sinatra/releases'" 1>&2; false; fi as deploy@ec2-52-32-165-195.us-west-2.compute.amazonaws.com
 DEBUG [c6588215] Command: if test ! -d /var/www/ectwo_monitoring_tool_sinatra/releases; then echo "Directory does not exist '/var/www/ectwo_monitoring_tool_sinatra/releases'" 1>&2; false; fi
 DEBUG [c6588215] Finished in 0.523 seconds with exit status 0 (successful).
  INFO [4838fcab] Running /usr/bin/env echo "Branch master (at c9a0162a2af1b835780cb11bad8c7b2a29483990) deployed as release 20160611191444 by ezequiel" >> /var/www/ectwo_monitoring_tool_sinatra/revisions.log as deploy@ec2-52-32-165-195.us-west-2.compute.amazonaws.com
 DEBUG [4838fcab] Command: cd /var/www/ectwo_monitoring_tool_sinatra/releases && /usr/bin/env echo "Branch master (at c9a0162a2af1b835780cb11bad8c7b2a29483990) deployed as release 20160611191444 by ezequiel" >> /var/www/ectwo_monitoring_tool_sinatra/revisions.log
  INFO [4838fcab] Finished in 0.523 seconds with exit status 0 (successful).
